C51 COMPILER V9.60.0.0   NRF_MAIN                                                          02/10/2022 18:37:08 PAGE 1   


C51 COMPILER V9.60.0.0, COMPILATION OF MODULE NRF_MAIN
OBJECT MODULE PLACED IN .\Objects\nrf_main.obj
COMPILER INVOKED BY: D:\Extension Apps\C51\BIN\C51.EXE nrf_main.c OPTIMIZE(8,SPEED) BROWSE DEBUG OBJECTEXTEND PRINT(.\Li
                    -stings\nrf_main.lst) TABS(2) OBJECT(.\Objects\nrf_main.obj)

line level    source

   1          #include <reg51.h>
   2          #include <nrf_lib.h>
   3          
   4          void main(){
   5   1        unsigned char a, stat;
   6   1          P2 = 0x00; 
   7   1        nRF_config();
   8   1      
   9   1        while(1){
  10   2          a= 1;
  11   2          stat = TX_PL(&a); 
  12   2        }
  13   1        
  14   1      }


MODULE INFORMATION:   STATIC OVERLAYABLE
   CODE SIZE        =    318    ----
   CONSTANT SIZE    =   ----    ----
   XDATA SIZE       =   ----    ----
   PDATA SIZE       =   ----    ----
   DATA SIZE        =      9      11
   IDATA SIZE       =   ----    ----
   BIT SIZE         =   ----    ----
END OF MODULE INFORMATION.


C51 COMPILATION COMPLETE.  0 WARNING(S),  0 ERROR(S)
