C51 COMPILER V9.60.0.0   MAIN                                                              01/17/2022 13:12:32 PAGE 1   


C51 COMPILER V9.60.0.0, COMPILATION OF MODULE MAIN
OBJECT MODULE PLACED IN .\Objects\main.obj
COMPILER INVOKED BY: D:\Extension Apps\C51\BIN\C51.EXE main.c OPTIMIZE(8,SPEED) BROWSE DEBUG OBJECTEXTEND PRINT(.\Listin
                    -gs\main.lst) TABS(2) OBJECT(.\Objects\main.obj)

line level    source

   1          # include <reg51.h>
   2          # include <delay8051.h>
   3          
   4          sbit RS = P1^0;
   5          sbit RW = P1^1;
   6          sbit EN = P1^2;
   7          
   8          void lcd_write(unsigned char val)
   9          {
  10   1        P2 = val;
  11   1        RW = 0;
  12   1        EN = 1;
  13   1        delay_ms(2);
  14   1        EN = 0;   
  15   1      }
  16          void lcd_data(unsigned char _data)
  17          {
  18   1        RS = 1;
  19   1        lcd_write(_data);
  20   1      }
  21          
  22          void lcd_cmd(unsigned char cmd)
  23          {
  24   1        RS = 0;
  25   1        lcd_write(cmd);
  26   1      }
  27          
  28          
  29          void lcd_init(){
  30   1        lcd_cmd(0x01);
  31   1        lcd_cmd(0x02);
  32   1        lcd_cmd(0x06);
  33   1        lcd_cmd(0x80);
  34   1        lcd_cmd(0x0c);
  35   1        lcd_cmd(0x38);
  36   1      }
  37          code cgram_lut[] = {
  38          0x10,0x18,0x1c,0x1e,0x1e,0x1c,0x18,0x10,
  39          0x00,0x00,0x00,0x0e,0x0e,0x00,0x00,0x00,
  40          0x00,0x0e,0x1f,0x1f,0x1f,0x1f,0x0e,0x00,
  41          0x00,0x04,0x0e,0x0e,0x0e,0x04,0x00,0x00,
  42          0x00,0x00,0x00,0x00,0x00,0x00,0x00,0x00
  43          };
  44          
  45          void build_cgram()
  46          {
  47   1          char i;
  48   1          lcd_cmd(0x40);
  49   1          
  50   1          for(i=0;i<32;i++)
  51   1          lcd_data(cgram_lut[i]);
  52   1            
  53   1          lcd_cmd(0xc0);
  54   1      }
C51 COMPILER V9.60.0.0   MAIN                                                              01/17/2022 13:12:32 PAGE 2   

  55          void lcd_string(char *s)
  56          {
  57   1        while(*s)
  58   1        {
  59   2            lcd_data(*s++);
  60   2        }
  61   1      }
  62          
  63          void lcd_integer(int num)
  64          {
  65   1        char buf[10],i=0;
  66   1        if(num==0)
  67   1        {
  68   2          lcd_data('0');
  69   2          return;
  70   2        }
  71   1        if(num<0)
  72   1        {
  73   2          lcd_data('-');
  74   2          num=-num;
  75   2        }
  76   1        while(num)
  77   1        {
  78   2          buf[i++]=num%10+48;
  79   2          num=num/10;
  80   2        }
  81   1        
  82   1        for(--i;i>=0;i--)
  83   1        {
  84   2          lcd_data(buf[i]);
  85   2        }
  86   1      }
  87          
  88          int lcd_atoi(char*p)
  89          {
  90   1        int num=0,i;
  91   1        
  92   1        for(i=0;p[i];i++)
  93   1        {
  94   2          num = num * 10 + p[i] - 48;
  95   2        }
  96   1        return num;
  97   1      }
  98          
  99          void main(){
 100   1        P1 =0; 
 101   1        P2 = 0; 
 102   1        lcd_init(); 
 103   1        build_cgram(); 
 104   1      
 105   1      }


MODULE INFORMATION:   STATIC OVERLAYABLE
   CODE SIZE        =    365    ----
   CONSTANT SIZE    =     80    ----
   XDATA SIZE       =   ----    ----
   PDATA SIZE       =   ----    ----
   DATA SIZE        =   ----      24
   IDATA SIZE       =   ----    ----
   BIT SIZE         =   ----    ----
END OF MODULE INFORMATION.

C51 COMPILER V9.60.0.0   MAIN                                                              01/17/2022 13:12:32 PAGE 3   


C51 COMPILATION COMPLETE.  0 WARNING(S),  0 ERROR(S)
