C51 COMPILER V9.60.0.0   LEDBLINK_PRACTICE1                                                02/22/2022 11:25:30 PAGE 1   


C51 COMPILER V9.60.0.0, COMPILATION OF MODULE LEDBLINK_PRACTICE1
OBJECT MODULE PLACED IN .\Objects\ledblink_practice1.obj
COMPILER INVOKED BY: D:\Extension Apps\C51\BIN\C51.EXE ledblink_practice1.c OPTIMIZE(8,SPEED) BROWSE DEBUG OBJECTEXTEND 
                    -PRINT(.\Listings\ledblink_practice1.lst) TABS(2) OBJECT(.\Objects\ledblink_practice1.obj)

line level    source

   1          // include the library for the registers of the 89c51 
   2          
   3          #include <reg51.h>
   4          
   5          void delay () 
   6          {
   7   1        unsigned int i; 
   8   1        for ( i =0 ; i < 50000 ; i++);
   9   1      }
  10          
  11          void main () 
  12          {
  13   1        
  14   1        while (1) {
  15   2          P2 = 0x00; // 0000 0000
  16   2          delay();
  17   2          P2 = 0x0f; // 0000 1111
  18   2          delay();
  19   2        }
  20   1      
  21   1      }


MODULE INFORMATION:   STATIC OVERLAYABLE
   CODE SIZE        =     40    ----
   CONSTANT SIZE    =   ----    ----
   XDATA SIZE       =   ----    ----
   PDATA SIZE       =   ----    ----
   DATA SIZE        =   ----    ----
   IDATA SIZE       =   ----    ----
   BIT SIZE         =   ----    ----
END OF MODULE INFORMATION.


C51 COMPILATION COMPLETE.  0 WARNING(S),  0 ERROR(S)
