C51 COMPILER V9.60.0.0   MOTOR_PRACTICE2                                                   12/28/2021 21:25:57 PAGE 1   


C51 COMPILER V9.60.0.0, COMPILATION OF MODULE MOTOR_PRACTICE2
OBJECT MODULE PLACED IN .\Objects\motor_practice2.obj
COMPILER INVOKED BY: D:\Extension Apps\C51\BIN\C51.EXE motor_practice2.c OPTIMIZE(8,SPEED) BROWSE DEBUG OBJECTEXTEND PRI
                    -NT(.\Listings\motor_practice2.lst) TABS(2) OBJECT(.\Objects\motor_practice2.obj)

line level    source

   1          // include the library for the registers of the 89c51 
   2          
   3          #include <reg51.h>
   4          
   5          void delay () 
   6          {
   7   1        unsigned int i; 
   8   1        for ( i =0 ; i < 50000 ; i++);
   9   1      }
  10          
  11          void main () 
  12          {
  13   1        P0 = 0x00;
  14   1        P2 = 0x00; // 0000 0000
  15   1        while (1) {
  16   2          // enable the pins needed.
  17   2          P0 = 0x35;  
  18   2          P2 = 0x35; // 11001100
  19   2          
  20   2          delay();
  21   2          // reverse the direction counter clockwise
  22   2          P0 = 0x00;
  23   2          P2 = 0x00;
  24   2          delay ();
  25   2          
  26   2          P0 = 0x56;
  27   2          P2 = 0x56; 
  28   2          
  29   2          delay();
  30   2          /*
  31   2          P0 = 0x88;
  32   2          P2 = 0x88; // 0000 0000
  33   2          delay();
  34   2          */
  35   2        }
  36   1      }


MODULE INFORMATION:   STATIC OVERLAYABLE
   CODE SIZE        =     59    ----
   CONSTANT SIZE    =   ----    ----
   XDATA SIZE       =   ----    ----
   PDATA SIZE       =   ----    ----
   DATA SIZE        =   ----    ----
   IDATA SIZE       =   ----    ----
   BIT SIZE         =   ----    ----
END OF MODULE INFORMATION.


C51 COMPILATION COMPLETE.  0 WARNING(S),  0 ERROR(S)
