C51 COMPILER V9.60.0.0   LIBFOR8051                                                        01/06/2022 17:53:00 PAGE 1   


C51 COMPILER V9.60.0.0, COMPILATION OF MODULE LIBFOR8051
OBJECT MODULE PLACED IN .\Objects\libfor8051.obj
COMPILER INVOKED BY: D:\Extension Apps\C51\BIN\C51.EXE libfor8051.c OPTIMIZE(8,SPEED) BROWSE DEBUG OBJECTEXTEND PRINT(.\
                    -Listings\libfor8051.lst) TABS(2) OBJECT(.\Objects\libfor8051.obj)

line level    source

   1          #include<reg51.h>
   2          #include "myownlib.h"
   3          
   4          void delay_ms(unsigned int count)
   5          {
   6   1              unsigned int i;
   7   1              while(count)
   8   1              {
   9   2                      i = 115;
  10   2                      while(i > 0)
  11   2                      i--;
  12   2                      count--;
  13   2              }
  14   1      }


MODULE INFORMATION:   STATIC OVERLAYABLE
   CODE SIZE        =     25    ----
   CONSTANT SIZE    =   ----    ----
   XDATA SIZE       =   ----    ----
   PDATA SIZE       =   ----    ----
   DATA SIZE        =   ----    ----
   IDATA SIZE       =   ----    ----
   BIT SIZE         =   ----    ----
END OF MODULE INFORMATION.


C51 COMPILATION COMPLETE.  0 WARNING(S),  0 ERROR(S)
