C51 COMPILER V9.60.0.0   LCDCGRAMPROCESS                                                   01/19/2022 14:53:18 PAGE 1   


C51 COMPILER V9.60.0.0, COMPILATION OF MODULE LCDCGRAMPROCESS
OBJECT MODULE PLACED IN .\Objects\lcdcgramprocess.obj
COMPILER INVOKED BY: D:\Extension Apps\C51\BIN\C51.EXE lcdcgramprocess.c OPTIMIZE(8,SPEED) BROWSE DEBUG OBJECTEXTEND PRI
                    -NT(.\Listings\lcdcgramprocess.lst) TABS(2) OBJECT(.\Objects\lcdcgramprocess.obj)

line level    source

   1          # include <lcdcgramprocess.h>
   2          
   3          sbit RS = P1^0; 
   4          sbit RW = P1^1; 
   5          sbit E = P1^2;
   6          
   7          
   8          
   9          void lcd_data (unsigned char dat){
  10   1        P2 = dat; 
  11   1        
  12   1        E = 1; 
  13   1        delay_ms(1); 
  14   1        E =0 ; 
  15   1        delay_ms(1);
  16   1      
  17   1      }
  18          
  19          void lcd_cmd (unsigned char hex){
  20   1        RS =0; 
  21   1        RW =0;  
  22   1        lcd_data(hex);
  23   1      }
  24          
  25          void lcd_write (unsigned char hex){
  26   1        RS =1 ; 
  27   1        RW =0; 
  28   1        lcd_data(hex);
  29   1        delay_ms(1);
  30   1      }
  31          
  32          
  33          void send (unsigned char *string) {
  34   1        while(*string){
  35   2          lcd_write(*string);
  36   2          *string++;
*** WARNING C275 IN LINE 36 OF lcdcgramprocess.c: expression with possibly no effect
  37   2        }
  38   1      }
  39          
  40          
  41          
  42          void init(){
  43   1        lcd_cmd(0x38); //LCD 4-bit mode and 2 lines.
  44   1        lcd_cmd(0x0E); // display
  45   1      }
  46          
  47          void return_home(){
  48   1        lcd_cmd(0x02);
  49   1      }
  50          void character(){
  51   1        unsigned char person [] = { 0x1C , 0x1C , 0x0A, 0x0F, 0x08, 0x14, 0x12, 0x00};
  52   1        lcd_cmd(0x40); // set the cgram adress
  53   1        /*
C51 COMPILER V9.60.0.0   LCDCGRAMPROCESS                                                   01/19/2022 14:53:18 PAGE 2   

  54   1        lcd_write(0);
  55   1        lcd_write(10);
  56   1        lcd_write(21);
  57   1        lcd_write(17);
  58   1        lcd_write(10);
  59   1        lcd_write(4);
  60   1        lcd_write(0);
  61   1        lcd_write(0);*/
  62   1        send (person);
  63   1        lcd_cmd(0xC1); 
  64   1        lcd_write(0);
  65   1        delay_ms(50);
  66   1      }
  67          void character2(){
  68   1        unsigned char person [] = { 0x1C , 0x1C , 0x0A, 0x0F, 0x08, 0x14, 0x12, 0x00};
  69   1        lcd_cmd(0x48); // set the cgram adress
  70   1        /*
  71   1        lcd_write(0);
  72   1        lcd_write(10);
  73   1        lcd_write(21);
  74   1        lcd_write(17);
  75   1        lcd_write(10);
  76   1        lcd_write(4);
  77   1        lcd_write(0);
  78   1        lcd_write(0);*/
  79   1        send (person);
  80   1        lcd_cmd(0xC0); 
  81   1        lcd_write(0);
  82   1        delay_ms(50);
  83   1      }
  84          


MODULE INFORMATION:   STATIC OVERLAYABLE
   CODE SIZE        =    211    ----
   CONSTANT SIZE    =     16    ----
   XDATA SIZE       =   ----    ----
   PDATA SIZE       =   ----    ----
   DATA SIZE        =   ----      19
   IDATA SIZE       =   ----    ----
   BIT SIZE         =   ----    ----
END OF MODULE INFORMATION.


C51 COMPILATION COMPLETE.  1 WARNING(S),  0 ERROR(S)
