C51 COMPILER V9.60.0.0   NRF24L01_MAIN_RX                                                  02/10/2022 18:36:20 PAGE 1   


C51 COMPILER V9.60.0.0, COMPILATION OF MODULE NRF24L01_MAIN_RX
OBJECT MODULE PLACED IN .\Objects\nrf24L01_main_rx.obj
COMPILER INVOKED BY: D:\Extension Apps\C51\BIN\C51.EXE nrf24L01_main_rx.c OPTIMIZE(8,SPEED) BROWSE DEBUG OBJECTEXTEND PR
                    -INT(.\Listings\nrf24L01_main_rx.lst) TABS(2) OBJECT(.\Objects\nrf24L01_main_rx.obj)

line level    source

   1          #include <reg51.h>
   2          #include <nrf_lib.h>
   3          
   4          void main (){
   5   1      
   6   1        unsigned char *rec;
   7   1        P2=0x00;
   8   1        nRF_config();
   9   1        while(1)
  10   1        {
  11   2          rec=RX_PL();
  12   2          if (rec == 1){
  13   3            P2 = 0xFF; 
  14   3          }
  15   2        }
  16   1        
  17   1      }
*** WARNING C291 IN LINE 232 OF nrf24L01_main_rx.c: not every exit path returns a value


MODULE INFORMATION:   STATIC OVERLAYABLE
   CODE SIZE        =    334    ----
   CONSTANT SIZE    =   ----    ----
   XDATA SIZE       =   ----    ----
   PDATA SIZE       =   ----    ----
   DATA SIZE        =      9       6
   IDATA SIZE       =   ----    ----
   BIT SIZE         =   ----    ----
END OF MODULE INFORMATION.


C51 COMPILATION COMPLETE.  1 WARNING(S),  0 ERROR(S)
