C51 COMPILER V9.60.0.0   MAIN                                                              01/20/2022 22:37:06 PAGE 1   


C51 COMPILER V9.60.0.0, COMPILATION OF MODULE MAIN
OBJECT MODULE PLACED IN .\Objects\main.obj
COMPILER INVOKED BY: D:\Extension Apps\C51\BIN\C51.EXE main.c OPTIMIZE(8,SPEED) BROWSE DEBUG OBJECTEXTEND PRINT(.\Listin
                    -gs\main.lst) TABS(2) OBJECT(.\Objects\main.obj)

line level    source

   1          
   2          #include <reg51.h>
   3          #include <delay8051.h>
   4          #include <lcdLibraryRC.h>
*** WARNING C315 IN LINE 21 OF lcdLibraryRC.h: unknown #directive 'endifs'
   5          
   6          
   7          
   8          void main(){  
   9   1        int a ; 
  10   1          P2 = 0; 
  11   1          P1 = 0; 
  12   1        init_4bit();
  13   1        display(); 
  14   1        clear_display(); 
  15   1        return_home(); 
  16   1        write_word("HELLO");
  17   1      }
*** WARNING C280 IN LINE 9 OF main.c: 'a': unreferenced local variable
*** WARNING C316 IN LINE 17 OF main.c: unterminated conditionals


MODULE INFORMATION:   STATIC OVERLAYABLE
   CODE SIZE        =     26    ----
   CONSTANT SIZE    =      6    ----
   XDATA SIZE       =   ----    ----
   PDATA SIZE       =   ----    ----
   DATA SIZE        =   ----       2
   IDATA SIZE       =   ----    ----
   BIT SIZE         =   ----    ----
END OF MODULE INFORMATION.


C51 COMPILATION COMPLETE.  3 WARNING(S),  0 ERROR(S)
